Using pre-set license
Built from '2020.3/staging' branch; Version is '2020.3.0f1 (c7b5465681fb) revision 13088070'; Using compiler version '192528614'; Build Type 'Release'
OS: 'Windows 10 Home Single Language; OS build 19041.867; Version 2004; 64bit' Language: 'en' Physical Memory: 16148 MB
BatchMode: 1, IsHumanControllingUs: 0, StartBugReporterOnCrash: 0, Is64bit: 1, IsPro: 0

 COMMAND LINE ARGUMENTS:
C:\Program Files\Unity\Hub\Editor\2020.3.0f1\Editor\Unity.exe
-adb2
-batchMode
-noUpm
-name
AssetImportWorker0
-projectPath
D:/DIS/Unity/AR Getting Started
-logFile
Logs/AssetImportWorker0.log
-srvPort
4764
Successfully changed project path to: D:/DIS/Unity/AR Getting Started
D:/DIS/Unity/AR Getting Started
Using Asset Import Pipeline V2.
Refreshing native plugins compatible for Editor in 47.36 ms, found 0 plugins.
Preloading 0 native plugins for Editor in 0.00 ms.
Initialize engine version: 2020.3.0f1 (c7b5465681fb)
[Subsystems] Discovering subsystems at path C:/Program Files/Unity/Hub/Editor/2020.3.0f1/Editor/Data/Resources/UnitySubsystems
[Subsystems] Discovering subsystems at path D:/DIS/Unity/AR Getting Started/Assets
GfxDevice: creating device client; threaded=0
Direct3D:
    Version:  Direct3D 11.0 [level 11.1]
    Renderer: NVIDIA GeForce GTX 1050 (ID=0x1c91)
    Vendor:   
    VRAM:     2999 MB
    Driver:   27.21.14.5241
Shader 'Universal Render Pipeline/Particles/Lit': fallback shader 'Universal Render Pipeline/Particles/SimpleLit' not found
Initialize mono
Mono path[0] = 'C:/Program Files/Unity/Hub/Editor/2020.3.0f1/Editor/Data/Managed'
Mono path[1] = 'C:/Program Files/Unity/Hub/Editor/2020.3.0f1/Editor/Data/MonoBleedingEdge/lib/mono/unityjit'
Mono config path = 'C:/Program Files/Unity/Hub/Editor/2020.3.0f1/Editor/Data/MonoBleedingEdge/etc'
Using monoOptions --debugger-agent=transport=dt_socket,embedding=1,server=y,suspend=n,address=127.0.0.1:56488
Begin MonoManager ReloadAssembly
Registering precompiled unity dll's ...
Register platform support module: C:/Program Files/Unity/Hub/Editor/2020.3.0f1/Editor/Data/PlaybackEngines/WindowsStandaloneSupport/UnityEditor.WindowsStandalone.Extensions.dll
Registered in 0.003129 seconds.
Native extension for WindowsStandalone target not found
Refreshing native plugins compatible for Editor in 46.90 ms, found 0 plugins.
Preloading 0 native plugins for Editor in 0.00 ms.
Invoked RoslynAnalysisRunner static constructor.
RoslynAnalysisRunner will not be running.
RoslynAnalysisRunner has terminated.
Mono: successfully reloaded assembly
- Completed reload, in  2.468 seconds
Platform modules already initialized, skipping
Registering precompiled user dll's ...
Registered in 0.002850 seconds.
Begin MonoManager ReloadAssembly
Native extension for WindowsStandalone target not found
Refreshing native plugins compatible for Editor in 43.52 ms, found 0 plugins.
Preloading 0 native plugins for Editor in 0.00 ms.
Invoked RoslynAnalysisRunner static constructor.
RoslynAnalysisRunner will not be running.
RoslynAnalysisRunner has terminated.
Mono: successfully reloaded assembly
- Completed reload, in  1.002 seconds
Platform modules already initialized, skipping
========================================================================
Worker process is ready to serve import requests
Shader 'Universal Render Pipeline/Particles/Lit': fallback shader 'Universal Render Pipeline/Particles/SimpleLit' not found
Launched and connected shader compiler UnityShaderCompiler.exe after 0.07 seconds
Refreshing native plugins compatible for Editor in 0.95 ms, found 0 plugins.
Preloading 0 native plugins for Editor in 0.00 ms.
Unloading 2751 Unused Serialized files (Serialized files now loaded: 0)
System memory in use before: 119.1 MB.
System memory in use after: 119.2 MB.

Unloading 12 unused Assets to reduce memory usage. Loaded Objects now: 3193.
Total: 2.314900 ms (FindLiveObjects: 0.247300 ms CreateObjectMapping: 0.134500 ms MarkObjects: 1.767300 ms  DeleteObjects: 0.164800 ms)

========================================================================
Received Import Request.
  path: Assets/demo
  artifactKey: Guid(8956106e1d90d1c4085b6b4ddffc72e8) Importer(815301076,1909f56bfc062723c751e8b465ee728b)
Start importing Assets/demo using Guid(8956106e1d90d1c4085b6b4ddffc72e8) Importer(815301076,1909f56bfc062723c751e8b465ee728b)  -> (artifact id: '627bdee1728a79d02f2f0a544c670a04') in 0.009253 seconds
  Import took 0.013143 seconds .

========================================================================
Received Import Request.
  Time since last request: 19.981363 seconds.
  path: Assets/demo/GameObject.prefab
  artifactKey: Guid(2689cb11859762b449e4493819056734) Importer(815301076,1909f56bfc062723c751e8b465ee728b)
Start importing Assets/demo/GameObject.prefab using Guid(2689cb11859762b449e4493819056734) Importer(815301076,1909f56bfc062723c751e8b465ee728b)  -> (artifact id: '1355a2dc2b93a7606035d6c57ef25e71') in 0.108434 seconds
  Import took 0.113196 seconds .

========================================================================
Received Import Request.
  Time since last request: 8823.325781 seconds.
  path: Assets/img/placement.png
  artifactKey: Guid(393f1636362bdcb489c5f4c377cd256b) Importer(815301076,1909f56bfc062723c751e8b465ee728b)
Start importing Assets/img/placement.png using Guid(393f1636362bdcb489c5f4c377cd256b) Importer(815301076,1909f56bfc062723c751e8b465ee728b)  -> (artifact id: '6e8bee25b788142e34e54ebda21c8eda') in 0.063386 seconds
  Import took 0.067844 seconds .

========================================================================
Received Import Request.
  Time since last request: 27.397724 seconds.
  path: Assets/img/placement.png
  artifactKey: Guid(393f1636362bdcb489c5f4c377cd256b) Importer(815301076,1909f56bfc062723c751e8b465ee728b)
Start importing Assets/img/placement.png using Guid(393f1636362bdcb489c5f4c377cd256b) Importer(815301076,1909f56bfc062723c751e8b465ee728b)  -> (artifact id: '7fbb32a775176ba50e9f87a946f974ad') in 0.011097 seconds
  Import took 0.015667 seconds .

========================================================================
Received Import Request.
  Time since last request: 0.008532 seconds.
  path: Assets/img/placement.png
  artifactKey: Guid(393f1636362bdcb489c5f4c377cd256b) Importer(815301076,1909f56bfc062723c751e8b465ee728b)
Start importing Assets/img/placement.png using Guid(393f1636362bdcb489c5f4c377cd256b) Importer(815301076,1909f56bfc062723c751e8b465ee728b)  -> (artifact id: '7fbb32a775176ba50e9f87a946f974ad') in 0.005502 seconds
  Import took 0.009490 seconds .

========================================================================
Received Import Request.
  Time since last request: 53.792268 seconds.
  path: Assets/demo/Placement Indicator.mat
  artifactKey: Guid(bb3356ccd66945a43bf14d283a5756e3) Importer(815301076,1909f56bfc062723c751e8b465ee728b)
Start importing Assets/demo/Placement Indicator.mat using Guid(bb3356ccd66945a43bf14d283a5756e3) Importer(815301076,1909f56bfc062723c751e8b465ee728b)  -> (artifact id: '2eed316db83d9c306ebb0380d8533596') in 0.047458 seconds
  Import took 0.051497 seconds .

========================================================================
Received Import Request.
  Time since last request: 148.730789 seconds.
  path: Assets/demo/ARTapToPlaceObject.cs
  artifactKey: Guid(fe4e1da29a0afed438b44ebfcde61500) Importer(815301076,1909f56bfc062723c751e8b465ee728b)
Start importing Assets/demo/ARTapToPlaceObject.cs using Guid(fe4e1da29a0afed438b44ebfcde61500) Importer(815301076,1909f56bfc062723c751e8b465ee728b)  -> (artifact id: 'a9270981ddeb7b08d5fbea7620418452') in 0.017827 seconds
  Import took 0.022674 seconds .

========================================================================
Received Prepare
Registering precompiled user dll's ...
Registered in 0.001049 seconds.
Begin MonoManager ReloadAssembly
Native extension for WindowsStandalone target not found
Refreshing native plugins compatible for Editor in 0.52 ms, found 0 plugins.
Preloading 0 native plugins for Editor in 0.00 ms.
Invoked RoslynAnalysisRunner static constructor.
RoslynAnalysisRunner will not be running.
RoslynAnalysisRunner has terminated.
Mono: successfully reloaded assembly
- Completed reload, in  1.027 seconds
Platform modules already initialized, skipping
Switching build target platform(5) subTarget(0) extendedPlatform(0) -> platform(13) subTarget(589824) extendedPlatform(0)
Shader 'Universal Render Pipeline/Particles/Lit': fallback shader 'Universal Render Pipeline/Particles/SimpleLit' not found
Refreshing native plugins compatible for Editor in 1.19 ms, found 0 plugins.
Preloading 0 native plugins for Editor in 0.00 ms.
Unloading 2687 Unused Serialized files (Serialized files now loaded: 0)
System memory in use before: 116.3 MB.
System memory in use after: 116.5 MB.

Unloading 8 unused Assets to reduce memory usage. Loaded Objects now: 3240.
Total: 2.777600 ms (FindLiveObjects: 0.309500 ms CreateObjectMapping: 0.149800 ms MarkObjects: 2.256800 ms  DeleteObjects: 0.060300 ms)

AssetImportParameters requested are different than current active one (requested -> active):
  custom:graphics/normal-map-encoding: 01000000000000000000000000000000 -> 02000000000000000000000000000000
========================================================================
Received Prepare
Registering precompiled user dll's ...
Registered in 0.001162 seconds.
Begin MonoManager ReloadAssembly
Native extension for WindowsStandalone target not found
Refreshing native plugins compatible for Editor in 0.49 ms, found 0 plugins.
Preloading 0 native plugins for Editor in 0.00 ms.
Invoked RoslynAnalysisRunner static constructor.
RoslynAnalysisRunner will not be running.
RoslynAnalysisRunner has terminated.
Mono: successfully reloaded assembly
- Completed reload, in  0.904 seconds
Platform modules already initialized, skipping
Switching build target platform(5) subTarget(0) extendedPlatform(0) -> platform(13) subTarget(589824) extendedPlatform(0)
Shader 'Universal Render Pipeline/Particles/Lit': fallback shader 'Universal Render Pipeline/Particles/SimpleLit' not found
Refreshing native plugins compatible for Editor in 0.47 ms, found 0 plugins.
Preloading 0 native plugins for Editor in 0.00 ms.
Unloading 2687 Unused Serialized files (Serialized files now loaded: 0)
System memory in use before: 116.4 MB.
System memory in use after: 116.6 MB.

Unloading 7 unused Assets to reduce memory usage. Loaded Objects now: 3244.
Total: 2.661000 ms (FindLiveObjects: 0.294200 ms CreateObjectMapping: 0.164400 ms MarkObjects: 2.155000 ms  DeleteObjects: 0.046300 ms)

AssetImportParameters requested are different than current active one (requested -> active):
  custom:graphics/normal-map-encoding: 01000000000000000000000000000000 -> 02000000000000000000000000000000
========================================================================
Received Import Request.
  Time since last request: 520.715983 seconds.
  path: Assets/demo/ARTapToPlaceObject.cs
  artifactKey: Guid(fe4e1da29a0afed438b44ebfcde61500) Importer(815301076,1909f56bfc062723c751e8b465ee728b)
Start importing Assets/demo/ARTapToPlaceObject.cs using Guid(fe4e1da29a0afed438b44ebfcde61500) Importer(815301076,1909f56bfc062723c751e8b465ee728b)  -> (artifact id: '2964fa38414e5660ce6496908fbbe0d8') in 0.008591 seconds
  Import took 0.017376 seconds .

========================================================================
Received Import Request.
  Time since last request: 883.550829 seconds.
  path: Assets/demo/ARTapToPlaceObject.cs
  artifactKey: Guid(fe4e1da29a0afed438b44ebfcde61500) Importer(815301076,1909f56bfc062723c751e8b465ee728b)
Start importing Assets/demo/ARTapToPlaceObject.cs using Guid(fe4e1da29a0afed438b44ebfcde61500) Importer(815301076,1909f56bfc062723c751e8b465ee728b)  -> (artifact id: '6edf126eb739014360c8b06b0e51fda8') in 0.001741 seconds
  Import took 0.007260 seconds .

========================================================================
Received Import Request.
  Time since last request: 0.020369 seconds.
  path: Assets/demo/ARTapToPlaceObject.cs
  artifactKey: Guid(fe4e1da29a0afed438b44ebfcde61500) Importer(815301076,1909f56bfc062723c751e8b465ee728b)
Start importing Assets/demo/ARTapToPlaceObject.cs using Guid(fe4e1da29a0afed438b44ebfcde61500) Importer(815301076,1909f56bfc062723c751e8b465ee728b)  -> (artifact id: '6edf126eb739014360c8b06b0e51fda8') in 0.002305 seconds
  Import took 0.010082 seconds .

========================================================================
Received Prepare
Registering precompiled user dll's ...
Registered in 0.001028 seconds.
Begin MonoManager ReloadAssembly
Native extension for WindowsStandalone target not found
Refreshing native plugins compatible for Editor in 0.74 ms, found 0 plugins.
Preloading 0 native plugins for Editor in 0.00 ms.
Invoked RoslynAnalysisRunner static constructor.
RoslynAnalysisRunner will not be running.
RoslynAnalysisRunner has terminated.
Mono: successfully reloaded assembly
- Completed reload, in  0.965 seconds
Platform modules already initialized, skipping
Switching build target platform(5) subTarget(0) extendedPlatform(0) -> platform(13) subTarget(589824) extendedPlatform(0)
Shader 'Universal Render Pipeline/Particles/Lit': fallback shader 'Universal Render Pipeline/Particles/SimpleLit' not found
Refreshing native plugins compatible for Editor in 0.48 ms, found 0 plugins.
Preloading 0 native plugins for Editor in 0.00 ms.
Unloading 2687 Unused Serialized files (Serialized files now loaded: 0)
System memory in use before: 116.4 MB.
System memory in use after: 116.6 MB.

Unloading 7 unused Assets to reduce memory usage. Loaded Objects now: 3248.
Total: 3.042700 ms (FindLiveObjects: 0.440900 ms CreateObjectMapping: 0.170200 ms MarkObjects: 2.363600 ms  DeleteObjects: 0.066900 ms)

AssetImportParameters requested are different than current active one (requested -> active):
  custom:graphics/normal-map-encoding: 01000000000000000000000000000000 -> 02000000000000000000000000000000
========================================================================
Received Import Request.
  Time since last request: 736.166195 seconds.
  path: Assets/demo/PlacementIndicator.mat
  artifactKey: Guid(bb3356ccd66945a43bf14d283a5756e3) Importer(815301076,1909f56bfc062723c751e8b465ee728b)
Start importing Assets/demo/PlacementIndicator.mat using Guid(bb3356ccd66945a43bf14d283a5756e3) Importer(815301076,1909f56bfc062723c751e8b465ee728b)  -> (artifact id: '9e9591f3dc11bdc32f02192f7c629274') in 0.092878 seconds
  Import took 0.098002 seconds .

========================================================================
Received Prepare
Shader 'Universal Render Pipeline/Particles/Lit': fallback shader 'Universal Render Pipeline/Particles/SimpleLit' not found
Refreshing native plugins compatible for Editor in 0.90 ms, found 0 plugins.
Preloading 0 native plugins for Editor in 0.00 ms.
Unloading 4 Unused Serialized files (Serialized files now loaded: 0)
System memory in use before: 64.6 MB.
System memory in use after: 64.8 MB.

Unloading 4 unused Assets to reduce memory usage. Loaded Objects now: 3250.
Total: 5.719300 ms (FindLiveObjects: 0.466600 ms CreateObjectMapping: 0.281500 ms MarkObjects: 4.862300 ms  DeleteObjects: 0.107000 ms)

